DEBUG:root:Alaska:3216
DEBUG:root:Arizona:11379
DEBUG:root:Arkansas:1655
DEBUG:root:California:43803
DEBUG:root:Colorado:8506
DEBUG:root:Connecticut:1290
DEBUG:root:Country Of Mexico:523
DEBUG:root:Delaware:2469
DEBUG:root:District Of Columbia:2964
DEBUG:root:Florida:10994
DEBUG:root:Georgia:9050
DEBUG:root:Hawaii:1926
DEBUG:root:Idaho:2825
DEBUG:root:Illinois:10018
DEBUG:root:Indiana:10951
DEBUG:root:Iowa:3542
DEBUG:root:Kansas:6898
DEBUG:root:Kentucky:6094
DEBUG:root:Louisiana:4674
DEBUG:root:Maine:5286
DEBUG:root:Maryland:6846
DEBUG:root:Massachusetts:6109
DEBUG:root:Michigan:15280
DEBUG:root:Minnesota:22084
DEBUG:root:Mississippi:2245
DEBUG:root:Missouri:4742
DEBUG:root:Montana:6406
DEBUG:root:Nebraska:1350
DEBUG:root:Nevada:2297
DEBUG:root:New Hampshire:1967
DEBUG:root:New Jersey:6403
DEBUG:root:New Mexico:3973
DEBUG:root:New York:17570
DEBUG:root:North Carolina:7565
DEBUG:root:North Dakota:1934
DEBUG:root:Ohio:8561
DEBUG:root:Oklahoma:5711
DEBUG:root:Oregon:7857
DEBUG:root:Pennsylvania:13680
DEBUG:root:Puerto Rico:521
DEBUG:root:Rhode Island:6919
DEBUG:root:South Carolina:9716
DEBUG:root:South Dakota:2734
DEBUG:root:Tennessee:3626
DEBUG:root:Texas:51237
DEBUG:root:Utah:4852
DEBUG:root:Vermont:4858
DEBUG:root:Virgin Islands:651
DEBUG:root:Virginia:6376
DEBUG:root:Washington:8865
DEBUG:root:West Virginia:2998
DEBUG:root:Wisconsin:4007
DEBUG:root:Wyoming:3149
DEBUG:root:Alaska:3216
DEBUG:root:Arizona:11379
DEBUG:root:Arkansas:1655
DEBUG:root:California:43803
DEBUG:root:Colorado:8506
DEBUG:root:Connecticut:1290
DEBUG:root:Country Of Mexico:523
DEBUG:root:Delaware:2469
DEBUG:root:District Of Columbia:2964
DEBUG:root:Florida:10994
DEBUG:root:Georgia:9050
DEBUG:root:Hawaii:1926
DEBUG:root:Idaho:2825
DEBUG:root:Illinois:10018
DEBUG:root:Indiana:10951
DEBUG:root:Iowa:3542
DEBUG:root:Kansas:6898
DEBUG:root:Kentucky:6094
DEBUG:root:Louisiana:4674
DEBUG:root:Maine:5286
DEBUG:root:Maryland:6846
DEBUG:root:Massachusetts:6109
DEBUG:root:Michigan:15280
DEBUG:root:Minnesota:22084
DEBUG:root:Mississippi:2245
DEBUG:root:Missouri:4742
DEBUG:root:Montana:6406
DEBUG:root:Nebraska:1350
DEBUG:root:Nevada:2297
DEBUG:root:New Hampshire:1967
DEBUG:root:New Jersey:6403
DEBUG:root:New Mexico:3973
DEBUG:root:New York:17570
DEBUG:root:North Carolina:7565
DEBUG:root:North Dakota:1934
DEBUG:root:Ohio:8561
DEBUG:root:Oklahoma:5711
DEBUG:root:Oregon:7857
DEBUG:root:Pennsylvania:13680
DEBUG:root:Puerto Rico:521
DEBUG:root:Rhode Island:6919
DEBUG:root:South Carolina:9716
DEBUG:root:South Dakota:2734
DEBUG:root:Tennessee:3626
DEBUG:root:Texas:51237
DEBUG:root:Utah:4852
DEBUG:root:Vermont:4858
DEBUG:root:Virgin Islands:651
DEBUG:root:Virginia:6376
DEBUG:root:Washington:8865
DEBUG:root:West Virginia:2998
DEBUG:root:Wisconsin:4007
DEBUG:root:Wyoming:3149
