1. Texas:51237
2. California:43803
3. Minnesota:22084
4. New York:17570
5. Michigan:15280
6. Pennsylvania:13680
7. Arizona:11379
8. Florida:10994
9. Indiana:10951
10. Illinois:10018
11. South Carolina:9716
12. Georgia:9050
13. Washington:8865
14. Ohio:8561
15. Colorado:8506
16. Oregon:7857
17. North Carolina:7565
18. Rhode Island:6919
19. Kansas:6898
20. Maryland:6846
21. Montana:6406
22. New Jersey:6403
23. Virginia:6376
24. Massachusetts:6109
25. Kentucky:6094
26. Oklahoma:5711
27. Maine:5286
28. Vermont:4858
29. Utah:4852
30. Missouri:4742
31. Louisiana:4674
32. Wisconsin:4007
33. New Mexico:3973
34. Tennessee:3626
35. Iowa:3542
36. Alaska:3216
37. Wyoming:3149
38. West Virginia:2998
39. District Of Columbia:2964
40. Idaho:2825
41. South Dakota:2734
42. Delaware:2469
43. Nevada:2297
44. Mississippi:2245
45. New Hampshire:1967
46. North Dakota:1934
47. Hawaii:1926
48. Arkansas:1655
49. Nebraska:1350
50. Connecticut:1290
51. Virgin Islands:651
52. Country Of Mexico:523
53. Puerto Rico:521
