Alabama:3701
Alaska:3216
Arizona:11379
Arkansas:1655
California:43803
Colorado:8506
Connecticut:1290
Country Of Mexico:523
Delaware:2469
District Of Columbia:2964
Florida:10994
Georgia:9050
Hawaii:1926
Idaho:2825
Illinois:10018
Indiana:10951
Iowa:3542
Kansas:6898
Kentucky:6094
Louisiana:4674
Maine:5286
Maryland:6846
Massachusetts:6109
Michigan:15280
Minnesota:22084
Mississippi:2245
Missouri:4742
Montana:6406
Nebraska:1350
Nevada:2297
New Hampshire:1967
New Jersey:6403
New Mexico:3973
New York:17570
North Carolina:7565
North Dakota:1934
Ohio:8561
Oklahoma:5711
Oregon:7857
Pennsylvania:13680
Puerto Rico:521
Rhode Island:6919
South Carolina:9716
South Dakota:2734
Tennessee:3626
Texas:51237
Utah:4852
Vermont:4858
Virgin Islands:651
Virginia:6376
Washington:8865
West Virginia:2998
Wisconsin:4007
Wyoming:3149
